<?xml version="1.0" encoding="UTF-8"?>
<!-- Generated by org.testng.reporters.JUnitXMLReporter -->
<testsuite ignored="1" hostname="DELL" failures="0" tests="1" name="Default test" time="0.095" errors="0" timestamp="2021-07-13T10:08:58 IST">
  <testcase classname="qaclickacademy1.MavenJava1.AppiumTest" name="nativeApp" time="0.014"/>
  <testcase classname="qaclickacademy1.MavenJava1.AppiumTest" name="IOSapp" time="0.0">
    <ignored/>
  </testcase> <!-- IOSapp -->
</testsuite> <!-- Default test -->
