<?xml version="1.0" encoding="UTF-8"?>
<!-- Generated by org.testng.reporters.JUnitXMLReporter -->
<testsuite hostname="DELL" ignored="0" name="Command line test" tests="7" failures="0" timestamp="2021-07-16T11:57:24 IST" time="0.189" errors="0">
  <testcase name="IOSapp" time="0.011" classname="qaclickacademy1.MavenJava1.AppiumTest"/>
  <testcase name="nativeApp" time="0.001" classname="qaclickacademy1.MavenJava1.AppiumTest"/>
  <testcase name="postJira" time="0.0" classname="qaclickacademy1.MavenJava1.RESTAPITest"/>
  <testcase name="twitterdelete" time="0.0" classname="qaclickacademy1.MavenJava1.RESTAPITest"/>
  <testcase name="sample1" time="0.001" classname="qaclickacademy1.MavenJava1.sampleTest"/>
  <testcase name="browserAutomation" time="0.0" classname="qaclickacademy1.MavenJava1.SeleniumTest"/>
  <testcase name="elements" time="0.0" classname="qaclickacademy1.MavenJava1.SeleniumTest"/>
</testsuite> <!-- Command line test -->
