<?xml version="1.0" encoding="UTF-8" ?>
<testsuite tests="7" failures="0" name="TestSuite" time="0.022" errors="0" skipped="0">
  <properties>
[...]
</properties>
  <testcase classname="qaclickacademy1.MavenJava1.AppiumTest" name="IOSapp" time="0.017"/>
  <testcase classname="qaclickacademy1.MavenJava1.AppiumTest" name="nativeApp" time="0"/>
  <testcase classname="qaclickacademy1.MavenJava1.RESTAPITest" name="postJira" time="0.001"/>
  <testcase classname="qaclickacademy1.MavenJava1.RESTAPITest" name="twitterdelete" time="0.001"/>
  <testcase classname="qaclickacademy1.MavenJava1.sampleTest" name="sample1" time="0.001"/>
  <testcase classname="qaclickacademy1.MavenJava1.SeleniumTest" name="browserAutomation" time="0.001"/>
  <testcase classname="qaclickacademy1.MavenJava1.SeleniumTest" name="elements" time="0.001"/>
</testsuite>