<?xml version="1.0" encoding="UTF-8"?>
<testng-results ignored="1" total="2" passed="1" failed="0" skipped="0">
  <reporter-output>
  </reporter-output>
  <suite started-at="2021-07-13T10:08:58 IST" name="Default suite" finished-at="2021-07-13T10:08:58 IST" duration-ms="95">
    <groups>
    </groups>
    <test started-at="2021-07-13T10:08:58 IST" name="Default test" finished-at="2021-07-13T10:08:58 IST" duration-ms="95">
      <class name="qaclickacademy1.MavenJava1.AppiumTest">
        <test-method signature="nativeApp()[pri:0, instance:qaclickacademy1.MavenJava1.AppiumTest@5fbdfdcf]" started-at="2021-07-13T10:08:58 IST" name="nativeApp" finished-at="2021-07-13T10:08:58 IST" duration-ms="14" status="PASS">
          <reporter-output>
          </reporter-output>
        </test-method> <!-- nativeApp -->
      </class> <!-- qaclickacademy1.MavenJava1.AppiumTest -->
    </test> <!-- Default test -->
  </suite> <!-- Default suite -->
</testng-results>
